<?xml version="1.0" encoding="UTF-8"?>
<!-- Generated by org.testng.reporters.JUnitReportReporter -->
<testsuite hostname="DESKTOP-SGAKA4V" name="GETREQ" tests="1" failures="0" timestamp="7 Jun 2020 13:10:34 GMT" time="2.171" errors="0">
  <testcase name="letsreadfile" time="2.171" classname="GETREQ"/>
</testsuite> <!-- GETREQ -->
