<?xml version="1.0" encoding="UTF-8"?>
<!-- Generated by org.testng.reporters.JUnitReportReporter -->
<testsuite hostname="DESKTOP-IS92IDC" failures="0" tests="1" name="REQ_METHODS.CreateReq" time="7.379" errors="0" timestamp="2024-05-03T15:59:45 IST" skipped="0">
  <testcase classname="REQ_METHODS.CreateReq" name="getUsers" time="7.379"/>
</testsuite> <!-- REQ_METHODS.CreateReq -->
