<?xml version="1.0" encoding="UTF-8"?>
<!-- Generated by org.testng.reporters.JUnitReportReporter -->
<testsuite hostname="DESKTOP-IS92IDC" failures="0" tests="5" name="RestAssured.FirstReq" time="7.760" errors="0" timestamp="2024-05-12T14:00:02 IST" skipped="0">
  <testcase classname="RestAssured.FirstReq" name="testNotAssertions" time="0.724"/>
  <testcase classname="RestAssured.FirstReq" name="testHasKeyAssertion" time="5.171"/>
  <testcase classname="RestAssured.FirstReq" name="testMultipleAssertStatement" time="0.760"/>
  <testcase classname="RestAssured.FirstReq" name="testStringAssertions" time="0.601"/>
  <testcase classname="RestAssured.FirstReq" name="testNotNullAssertions" time="0.504"/>
</testsuite> <!-- RestAssured.FirstReq -->
