<?xml version="1.0" encoding="UTF-8"?>
<!-- Generated by org.testng.reporters.JUnitReportReporter -->
<testsuite hostname="DESKTOP-IS92IDC" failures="0" tests="5" name="RestAssured.FirstReq" time="5.802" errors="0" timestamp="2024-08-31T23:46:29 IST" skipped="0">
  <testcase classname="RestAssured.FirstReq" name="testMultipleAssertStatement" time="0.285"/>
  <testcase classname="RestAssured.FirstReq" name="testNotAssertions" time="0.305"/>
  <testcase classname="RestAssured.FirstReq" name="testNotNullAssertions" time="0.205"/>
  <testcase classname="RestAssured.FirstReq" name="testHasKeyAssertion" time="4.689"/>
  <testcase classname="RestAssured.FirstReq" name="testStringAssertions" time="0.318"/>
</testsuite> <!-- RestAssured.FirstReq -->
